<?xml version="1.0" encoding="UTF-8"?>
<!-- Generated by org.testng.reporters.JUnitReportReporter -->
<testsuite hostname="LAPTOP-HHEEE6MB" failures="0" tests="1" name="com.Test.HomePageTest" time="36.623" errors="0" timestamp="2021-03-08T01:00:45 IST" skipped="0">
  <testcase classname="com.Test.HomePageTest" name="casualDresspageTitleTest" time="36.623"/>
  <system-out/>
</testsuite> <!-- com.Test.HomePageTest -->
