<?xml version="1.0" encoding="UTF-8"?>
<!-- Generated by org.testng.reporters.JUnitReportReporter -->
<testsuite hostname="LAPTOP-HHEEE6MB" failures="0" tests="1" name="com.Test.LoginTest" time="34.132" errors="0" timestamp="2021-03-08T01:00:45 IST" skipped="0">
  <testcase classname="com.Test.LoginTest" name="signInToApplication" time="34.132"/>
  <system-out/>
</testsuite> <!-- com.Test.LoginTest -->
