<?xml version="1.0" encoding="UTF-8"?>
<!-- Generated by org.testng.reporters.JUnitReportReporter -->
<testsuite hostname="LAPTOP-HHEEE6MB" failures="0" tests="1" name="com.Test.HomePageTest" time="57.693" errors="0" timestamp="2021-03-08T17:53:06 IST" skipped="0">
  <testcase classname="com.Test.HomePageTest" name="casualDresspageTitleTest" time="57.693"/>
  <system-out/>
</testsuite> <!-- com.Test.HomePageTest -->
