<?xml version="1.0" encoding="UTF-8"?>
<!-- Generated by org.testng.reporters.JUnitReportReporter -->
<testsuite hostname="LAPTOP-HHEEE6MB" failures="0" tests="1" name="com.Test.LoginTest" time="43.099" errors="0" timestamp="2021-03-08T17:53:06 IST" skipped="0">
  <testcase classname="com.Test.LoginTest" name="signInToApplication" time="43.099"/>
  <system-out/>
</testsuite> <!-- com.Test.LoginTest -->
